<?xml version="1.0" encoding="UTF-8"?>
<testng-results skipped="0" failed="0" ignored="0" total="1" passed="1">
  <reporter-output>
  </reporter-output>
  <suite name="Default suite" duration-ms="24285" started-at="2019-07-19T21:05:54Z" finished-at="2019-07-19T21:06:18Z">
    <groups>
    </groups>
    <test name="Default test" duration-ms="24285" started-at="2019-07-19T21:05:54Z" finished-at="2019-07-19T21:06:18Z">
      <class name="homeDepotProject_1.homeDepot_Test">
        <test-method status="PASS" signature="RunhomeDepot()[pri:0, instance:homeDepotProject_1.homeDepot_Test@7823a2f9]" name="RunhomeDepot" duration-ms="24269" started-at="2019-07-19T21:05:54Z" finished-at="2019-07-19T21:06:18Z">
          <reporter-output>
          </reporter-output>
        </test-method> <!-- RunhomeDepot -->
      </class> <!-- homeDepotProject_1.homeDepot_Test -->
    </test> <!-- Default test -->
  </suite> <!-- Default suite -->
</testng-results>
